<?xml version="1.0" encoding="UTF-8"?>
<testsuite xmlns:xsi="http://www.w3.org/2001/XMLSchema-instance" xsi:noNamespaceSchemaLocation="https://maven.apache.org/surefire/maven-surefire-plugin/xsd/surefire-test-report.xsd" version="3.0.2" name="com.example.football_tourament_web.FootballTouramentWebApplicationTests" time="2.926" tests="1" errors="0" skipped="0" failures="0">
  <properties>
[...]
</properties>
  <testcase name="contextLoads" classname="com.example.football_tourament_web.FootballTouramentWebApplicationTests" time="0.711">
    <system-out><![CDATA[10:54:02.095 [main] INFO org.springframework.test.context.support.AnnotationConfigContextLoaderUtils -- Could not detect default configuration classes for test class [com.example.football_tourament_web.FootballTouramentWebApplicationTests]: FootballTouramentWebApplicationTests does not declare any static, non-private, non-final, nested classes annotated with @Configuration.
10:54:02.300 [main] INFO org.springframework.boot.test.context.SpringBootTestContextBootstrapper -- Found @SpringBootConfiguration com.example.football_tourament_web.FootballTouramentWebApplication for test class com.example.football_tourament_web.FootballTouramentWebApplicationTests

  .   ____          _            __ _ _
 /\\ / ___'_ __ _ _(_)_ __  __ _ \ \ \ \
( ( )\___ | '_ | '_| | '_ \/ _` | \ \ \ \
 \\/  ___)| |_)| | | | | || (_| |  ) ) ) )
  '  |____| .__|_| |_|_| |_\__, | / / / /
 =========|_|==============|___/=/_/_/_/

 :: Spring Boot ::                (v4.0.3)

2026-03-21T10:54:02.840+07:00  INFO 31888 --- [football-tourament-web] [           main] e.f.FootballTouramentWebApplicationTests : Starting FootballTouramentWebApplicationTests using Java 23 with PID 31888 (started by acer in C:\Users\acer\Desktop\java-football-tournament-front-end)
2026-03-21T10:54:02.843+07:00  INFO 31888 --- [football-tourament-web] [           main] e.f.FootballTouramentWebApplicationTests : No active profile set, falling back to 1 default profile: "default"
2026-03-21T10:54:03.971+07:00  INFO 31888 --- [football-tourament-web] [           main] e.f.FootballTouramentWebApplicationTests : Started FootballTouramentWebApplicationTests in 1.547 seconds (process running for 3.022)
]]></system-out>
    <system-err><![CDATA[Mockito is currently self-attaching to enable the inline-mock-maker. This will no longer work in future releases of the JDK. Please add Mockito as an agent to your build as described in Mockito's documentation: https://javadoc.io/doc/org.mockito/mockito-core/latest/org.mockito/org/mockito/Mockito.html#0.3
WARNING: A Java agent has been loaded dynamically (C:\Users\acer\.m2\repository\net\bytebuddy\byte-buddy-agent\1.17.8\byte-buddy-agent-1.17.8.jar)
WARNING: If a serviceability tool is in use, please run with -XX:+EnableDynamicAgentLoading to hide this warning
WARNING: If a serviceability tool is not in use, please run with -Djdk.instrument.traceUsage for more information
WARNING: Dynamic loading of agents will be disallowed by default in a future release
]]></system-err>
  </testcase>
</testsuite>